<?xml version="1.0" encoding="UTF-8" standalone="yes"?><!DOCTYPE report PUBLIC "-//JACOCO//DTD Report 1.1//EN" "report.dtd"><report name="software-testing"><sessioninfo id="MRM-TFW-85049b1e" start="1754482738989" dump="1754482740418"/><sessioninfo id="MRM-TFW-6b2a68d3" start="1754483280420" dump="1754483281974"/><package name="com/iut/user/service"><class name="com/iut/user/service/UserService" sourcefilename="UserService.java"><method name="&lt;init&gt;" desc="(Lcom/iut/user/repo/UserRepository;)V" line="11"><counter type="INSTRUCTION" missed="6" covered="0"/><counter type="LINE" missed="3" covered="0"/><counter type="COMPLEXITY" missed="1" covered="0"/><counter type="METHOD" missed="1" covered="0"/></method><method name="createUser" desc="(Lcom/iut/user/model/User;)Z" line="16"><counter type="INSTRUCTION" missed="13" covered="0"/><counter type="BRANCH" missed="2" covered="0"/><counter type="LINE" missed="3" covered="0"/><counter type="COMPLEXITY" missed="2" covered="0"/><counter type="METHOD" missed="1" covered="0"/></method><method name="updateUser" desc="(Lcom/iut/user/model/User;)Z" line="23"><counter type="INSTRUCTION" missed="13" covered="0"/><counter type="BRANCH" missed="2" covered="0"/><counter type="LINE" missed="3" covered="0"/><counter type="COMPLEXITY" missed="2" covered="0"/><counter type="METHOD" missed="1" covered="0"/></method><method name="getUser" desc="(Ljava/lang/String;)Lcom/iut/user/model/User;" line="30"><counter type="INSTRUCTION" missed="6" covered="0"/><counter type="LINE" missed="1" covered="0"/><counter type="COMPLEXITY" missed="1" covered="0"/><counter type="METHOD" missed="1" covered="0"/></method><counter type="INSTRUCTION" missed="38" covered="0"/><counter type="BRANCH" missed="4" covered="0"/><counter type="LINE" missed="10" covered="0"/><counter type="COMPLEXITY" missed="6" covered="0"/><counter type="METHOD" missed="4" covered="0"/><counter type="CLASS" missed="1" covered="0"/></class><sourcefile name="UserService.java"><line nr="11" mi="2" ci="0" mb="0" cb="0"/><line nr="12" mi="3" ci="0" mb="0" cb="0"/><line nr="13" mi="1" ci="0" mb="0" cb="0"/><line nr="16" mi="6" ci="0" mb="2" cb="0"/><line nr="17" mi="2" ci="0" mb="0" cb="0"/><line nr="19" mi="5" ci="0" mb="0" cb="0"/><line nr="23" mi="6" ci="0" mb="2" cb="0"/><line nr="24" mi="2" ci="0" mb="0" cb="0"/><line nr="26" mi="5" ci="0" mb="0" cb="0"/><line nr="30" mi="6" ci="0" mb="0" cb="0"/><counter type="INSTRUCTION" missed="38" covered="0"/><counter type="BRANCH" missed="4" covered="0"/><counter type="LINE" missed="10" covered="0"/><counter type="COMPLEXITY" missed="6" covered="0"/><counter type="METHOD" missed="4" covered="0"/><counter type="CLASS" missed="1" covered="0"/></sourcefile><counter type="INSTRUCTION" missed="38" covered="0"/><counter type="BRANCH" missed="4" covered="0"/><counter type="LINE" missed="10" covered="0"/><counter type="COMPLEXITY" missed="6" covered="0"/><counter type="METHOD" missed="4" covered="0"/><counter type="CLASS" missed="1" covered="0"/></package><package name="com/iut"><class name="com/iut/Database" sourcefilename="Database.java"><method name="&lt;init&gt;" desc="()V" line="5"><counter type="INSTRUCTION" missed="3" covered="0"/><counter type="LINE" missed="1" covered="0"/><counter type="COMPLEXITY" missed="1" covered="0"/><counter type="METHOD" missed="1" covered="0"/></method><method name="getConnection" desc="()Ljava/sql/Connection;" line="9"><counter type="INSTRUCTION" missed="12" covered="0"/><counter type="BRANCH" missed="4" covered="0"/><counter type="LINE" missed="3" covered="0"/><counter type="COMPLEXITY" missed="3" covered="0"/><counter type="METHOD" missed="1" covered="0"/></method><counter type="INSTRUCTION" missed="15" covered="0"/><counter type="BRANCH" missed="4" covered="0"/><counter type="LINE" missed="4" covered="0"/><counter type="COMPLEXITY" missed="4" covered="0"/><counter type="METHOD" missed="2" covered="0"/><counter type="CLASS" missed="1" covered="0"/></class><class name="com/iut/BankService" sourcefilename="BankService.java"><method name="&lt;init&gt;" desc="(Lcom/iut/user/service/UserService;Lcom/iut/account/service/AccountService;)V" line="13"><counter type="INSTRUCTION" missed="9" covered="0"/><counter type="LINE" missed="4" covered="0"/><counter type="COMPLEXITY" missed="1" covered="0"/><counter type="METHOD" missed="1" covered="0"/></method><method name="getUserAccounts" desc="(Ljava/lang/String;)Ljava/util/List;" line="19"><counter type="INSTRUCTION" missed="5" covered="0"/><counter type="LINE" missed="1" covered="0"/><counter type="COMPLEXITY" missed="1" covered="0"/><counter type="METHOD" missed="1" covered="0"/></method><counter type="INSTRUCTION" missed="14" covered="0"/><counter type="LINE" missed="5" covered="0"/><counter type="COMPLEXITY" missed="2" covered="0"/><counter type="METHOD" missed="2" covered="0"/><counter type="CLASS" missed="1" covered="0"/></class><class name="com/iut/Repository" sourcefilename="Repository.java"/><sourcefile name="BankService.java"><line nr="13" mi="2" ci="0" mb="0" cb="0"/><line nr="14" mi="3" ci="0" mb="0" cb="0"/><line nr="15" mi="3" ci="0" mb="0" cb="0"/><line nr="16" mi="1" ci="0" mb="0" cb="0"/><line nr="19" mi="5" ci="0" mb="0" cb="0"/><counter type="INSTRUCTION" missed="14" covered="0"/><counter type="LINE" missed="5" covered="0"/><counter type="COMPLEXITY" missed="2" covered="0"/><counter type="METHOD" missed="2" covered="0"/><counter type="CLASS" missed="1" covered="0"/></sourcefile><sourcefile name="Database.java"><line nr="5" mi="3" ci="0" mb="0" cb="0"/><line nr="9" mi="5" ci="0" mb="4" cb="0"/><line nr="10" mi="5" ci="0" mb="0" cb="0"/><line nr="12" mi="2" ci="0" mb="0" cb="0"/><counter type="INSTRUCTION" missed="15" covered="0"/><counter type="BRANCH" missed="4" covered="0"/><counter type="LINE" missed="4" covered="0"/><counter type="COMPLEXITY" missed="4" covered="0"/><counter type="METHOD" missed="2" covered="0"/><counter type="CLASS" missed="1" covered="0"/></sourcefile><sourcefile name="Repository.java"/><counter type="INSTRUCTION" missed="29" covered="0"/><counter type="BRANCH" missed="4" covered="0"/><counter type="LINE" missed="9" covered="0"/><counter type="COMPLEXITY" missed="6" covered="0"/><counter type="METHOD" missed="4" covered="0"/><counter type="CLASS" missed="2" covered="0"/></package><package name="com/iut/user/model"><class name="com/iut/user/model/User" sourcefilename="User.java"><method name="&lt;init&gt;" desc="(Ljava/lang/String;)V" line="13"><counter type="INSTRUCTION" missed="11" covered="0"/><counter type="LINE" missed="4" covered="0"/><counter type="COMPLEXITY" missed="1" covered="0"/><counter type="METHOD" missed="1" covered="0"/></method><method name="&lt;init&gt;" desc="(Ljava/lang/String;Ljava/lang/String;Ljava/lang/String;I)V" line="13"><counter type="INSTRUCTION" missed="20" covered="0"/><counter type="LINE" missed="7" covered="0"/><counter type="COMPLEXITY" missed="1" covered="0"/><counter type="METHOD" missed="1" covered="0"/></method><method name="getId" desc="()Ljava/lang/String;" line="27"><counter type="INSTRUCTION" missed="3" covered="0"/><counter type="LINE" missed="1" covered="0"/><counter type="COMPLEXITY" missed="1" covered="0"/><counter type="METHOD" missed="1" covered="0"/></method><method name="getName" desc="()Ljava/lang/String;" line="31"><counter type="INSTRUCTION" missed="3" covered="0"/><counter type="LINE" missed="1" covered="0"/><counter type="COMPLEXITY" missed="1" covered="0"/><counter type="METHOD" missed="1" covered="0"/></method><method name="setName" desc="(Ljava/lang/String;)V" line="35"><counter type="INSTRUCTION" missed="4" covered="0"/><counter type="LINE" missed="2" covered="0"/><counter type="COMPLEXITY" missed="1" covered="0"/><counter type="METHOD" missed="1" covered="0"/></method><method name="getLastName" desc="()Ljava/lang/String;" line="39"><counter type="INSTRUCTION" missed="3" covered="0"/><counter type="LINE" missed="1" covered="0"/><counter type="COMPLEXITY" missed="1" covered="0"/><counter type="METHOD" missed="1" covered="0"/></method><method name="setLastName" desc="(Ljava/lang/String;)V" line="43"><counter type="INSTRUCTION" missed="4" covered="0"/><counter type="LINE" missed="2" covered="0"/><counter type="COMPLEXITY" missed="1" covered="0"/><counter type="METHOD" missed="1" covered="0"/></method><method name="getAge" desc="()I" line="47"><counter type="INSTRUCTION" missed="3" covered="0"/><counter type="LINE" missed="1" covered="0"/><counter type="COMPLEXITY" missed="1" covered="0"/><counter type="METHOD" missed="1" covered="0"/></method><method name="setAge" desc="(I)V" line="51"><counter type="INSTRUCTION" missed="4" covered="0"/><counter type="LINE" missed="2" covered="0"/><counter type="COMPLEXITY" missed="1" covered="0"/><counter type="METHOD" missed="1" covered="0"/></method><method name="addAccount" desc="(Lcom/iut/account/model/Account;)V" line="55"><counter type="INSTRUCTION" missed="6" covered="0"/><counter type="LINE" missed="2" covered="0"/><counter type="COMPLEXITY" missed="1" covered="0"/><counter type="METHOD" missed="1" covered="0"/></method><method name="getAccounts" desc="()Ljava/util/List;" line="59"><counter type="INSTRUCTION" missed="3" covered="0"/><counter type="LINE" missed="1" covered="0"/><counter type="COMPLEXITY" missed="1" covered="0"/><counter type="METHOD" missed="1" covered="0"/></method><counter type="INSTRUCTION" missed="64" covered="0"/><counter type="LINE" missed="23" covered="0"/><counter type="COMPLEXITY" missed="11" covered="0"/><counter type="METHOD" missed="11" covered="0"/><counter type="CLASS" missed="1" covered="0"/></class><sourcefile name="User.java"><line nr="13" mi="10" ci="0" mb="0" cb="0"/><line nr="15" mi="2" ci="0" mb="0" cb="0"/><line nr="16" mi="3" ci="0" mb="0" cb="0"/><line nr="17" mi="1" ci="0" mb="0" cb="0"/><line nr="19" mi="2" ci="0" mb="0" cb="0"/><line nr="20" mi="3" ci="0" mb="0" cb="0"/><line nr="21" mi="3" ci="0" mb="0" cb="0"/><line nr="22" mi="3" ci="0" mb="0" cb="0"/><line nr="23" mi="3" ci="0" mb="0" cb="0"/><line nr="24" mi="1" ci="0" mb="0" cb="0"/><line nr="27" mi="3" ci="0" mb="0" cb="0"/><line nr="31" mi="3" ci="0" mb="0" cb="0"/><line nr="35" mi="3" ci="0" mb="0" cb="0"/><line nr="36" mi="1" ci="0" mb="0" cb="0"/><line nr="39" mi="3" ci="0" mb="0" cb="0"/><line nr="43" mi="3" ci="0" mb="0" cb="0"/><line nr="44" mi="1" ci="0" mb="0" cb="0"/><line nr="47" mi="3" ci="0" mb="0" cb="0"/><line nr="51" mi="3" ci="0" mb="0" cb="0"/><line nr="52" mi="1" ci="0" mb="0" cb="0"/><line nr="55" mi="5" ci="0" mb="0" cb="0"/><line nr="56" mi="1" ci="0" mb="0" cb="0"/><line nr="59" mi="3" ci="0" mb="0" cb="0"/><counter type="INSTRUCTION" missed="64" covered="0"/><counter type="LINE" missed="23" covered="0"/><counter type="COMPLEXITY" missed="11" covered="0"/><counter type="METHOD" missed="11" covered="0"/><counter type="CLASS" missed="1" covered="0"/></sourcefile><counter type="INSTRUCTION" missed="64" covered="0"/><counter type="LINE" missed="23" covered="0"/><counter type="COMPLEXITY" missed="11" covered="0"/><counter type="METHOD" missed="11" covered="0"/><counter type="CLASS" missed="1" covered="0"/></package><package name="com/iut/account/service"><class name="com/iut/account/service/AccountService" sourcefilename="AccountService.java"><method name="&lt;init&gt;" desc="(Lcom/iut/Repository;)V" line="13"><counter type="INSTRUCTION" missed="0" covered="6"/><counter type="LINE" missed="0" covered="3"/><counter type="COMPLEXITY" missed="0" covered="1"/><counter type="METHOD" missed="0" covered="1"/></method><method name="createAccount" desc="(Ljava/lang/String;ILjava/lang/String;)Z" line="18"><counter type="INSTRUCTION" missed="0" covered="21"/><counter type="BRANCH" missed="0" covered="2"/><counter type="LINE" missed="0" covered="5"/><counter type="COMPLEXITY" missed="0" covered="2"/><counter type="METHOD" missed="0" covered="1"/></method><method name="deposit" desc="(Ljava/lang/String;I)Z" line="27"><counter type="INSTRUCTION" missed="0" covered="24"/><counter type="BRANCH" missed="0" covered="2"/><counter type="LINE" missed="0" covered="5"/><counter type="COMPLEXITY" missed="0" covered="2"/><counter type="METHOD" missed="0" covered="1"/></method><method name="withdraw" desc="(Ljava/lang/String;I)Z" line="36"><counter type="INSTRUCTION" missed="0" covered="33"/><counter type="BRANCH" missed="0" covered="4"/><counter type="LINE" missed="0" covered="7"/><counter type="COMPLEXITY" missed="0" covered="3"/><counter type="METHOD" missed="0" covered="1"/></method><method name="transfer" desc="(Ljava/lang/String;Ljava/lang/String;I)Z" line="48"><counter type="INSTRUCTION" missed="0" covered="57"/><counter type="BRANCH" missed="0" covered="6"/><counter type="LINE" missed="0" covered="11"/><counter type="COMPLEXITY" missed="0" covered="4"/><counter type="METHOD" missed="0" covered="1"/></method><method name="getBalance" desc="(Ljava/lang/String;)I" line="64"><counter type="INSTRUCTION" missed="0" covered="19"/><counter type="BRANCH" missed="0" covered="2"/><counter type="LINE" missed="0" covered="4"/><counter type="COMPLEXITY" missed="0" covered="2"/><counter type="METHOD" missed="0" covered="1"/></method><method name="deleteAccount" desc="(Ljava/lang/String;)Z" line="72"><counter type="INSTRUCTION" missed="5" covered="0"/><counter type="LINE" missed="1" covered="0"/><counter type="COMPLEXITY" missed="1" covered="0"/><counter type="METHOD" missed="1" covered="0"/></method><method name="getAccount" desc="(Ljava/lang/String;)Lcom/iut/account/model/Account;" line="76"><counter type="INSTRUCTION" missed="6" covered="0"/><counter type="LINE" missed="1" covered="0"/><counter type="COMPLEXITY" missed="1" covered="0"/><counter type="METHOD" missed="1" covered="0"/></method><method name="getUserAccounts" desc="(Ljava/lang/String;)Ljava/util/List;" line="80"><counter type="INSTRUCTION" missed="0" covered="6"/><counter type="LINE" missed="0" covered="1"/><counter type="COMPLEXITY" missed="0" covered="1"/><counter type="METHOD" missed="0" covered="1"/></method><method name="existsAndGetAccount" desc="(Ljava/lang/String;)Lcom/iut/account/model/Account;" line="84"><counter type="INSTRUCTION" missed="0" covered="13"/><counter type="BRANCH" missed="0" covered="2"/><counter type="LINE" missed="0" covered="2"/><counter type="COMPLEXITY" missed="0" covered="2"/><counter type="METHOD" missed="0" covered="1"/></method><method name="getAllAccounts" desc="()Ljava/util/List;" line="89"><counter type="INSTRUCTION" missed="0" covered="5"/><counter type="LINE" missed="0" covered="1"/><counter type="COMPLEXITY" missed="0" covered="1"/><counter type="METHOD" missed="0" covered="1"/></method><counter type="INSTRUCTION" missed="11" covered="184"/><counter type="BRANCH" missed="0" covered="18"/><counter type="LINE" missed="2" covered="39"/><counter type="COMPLEXITY" missed="2" covered="18"/><counter type="METHOD" missed="2" covered="9"/><counter type="CLASS" missed="0" covered="1"/></class><sourcefile name="AccountService.java"><line nr="13" mi="0" ci="2" mb="0" cb="0"/><line nr="14" mi="0" ci="3" mb="0" cb="0"/><line nr="15" mi="0" ci="1" mb="0" cb="0"/><line nr="18" mi="0" ci="5" mb="0" cb="2"/><line nr="19" mi="0" ci="2" mb="0" cb="0"/><line nr="21" mi="0" ci="6" mb="0" cb="0"/><line nr="22" mi="0" ci="3" mb="0" cb="0"/><line nr="23" mi="0" ci="5" mb="0" cb="0"/><line nr="27" mi="0" ci="5" mb="0" cb="2"/><line nr="28" mi="0" ci="6" mb="0" cb="0"/><line nr="29" mi="0" ci="6" mb="0" cb="0"/><line nr="30" mi="0" ci="5" mb="0" cb="0"/><line nr="32" mi="0" ci="2" mb="0" cb="0"/><line nr="36" mi="0" ci="5" mb="0" cb="2"/><line nr="37" mi="0" ci="6" mb="0" cb="0"/><line nr="38" mi="0" ci="4" mb="0" cb="2"/><line nr="39" mi="0" ci="5" mb="0" cb="0"/><line nr="41" mi="0" ci="6" mb="0" cb="0"/><line nr="42" mi="0" ci="5" mb="0" cb="0"/><line nr="44" mi="0" ci="2" mb="0" cb="0"/><line nr="48" mi="0" ci="10" mb="0" cb="4"/><line nr="49" mi="0" ci="6" mb="0" cb="0"/><line nr="50" mi="0" ci="6" mb="0" cb="0"/><line nr="51" mi="0" ci="4" mb="0" cb="2"/><line nr="52" mi="0" ci="5" mb="0" cb="0"/><line nr="54" mi="0" ci="6" mb="0" cb="0"/><line nr="55" mi="0" ci="6" mb="0" cb="0"/><line nr="56" mi="0" ci="5" mb="0" cb="0"/><line nr="57" mi="0" ci="5" mb="0" cb="0"/><line nr="58" mi="0" ci="2" mb="0" cb="0"/><line nr="60" mi="0" ci="2" mb="0" cb="0"/><line nr="64" mi="0" ci="5" mb="0" cb="2"/><line nr="65" mi="0" ci="6" mb="0" cb="0"/><line nr="66" mi="0" ci="3" mb="0" cb="0"/><line nr="68" mi="0" ci="5" mb="0" cb="0"/><line nr="72" mi="5" ci="0" mb="0" cb="0"/><line nr="76" mi="6" ci="0" mb="0" cb="0"/><line nr="80" mi="0" ci="6" mb="0" cb="0"/><line nr="84" mi="0" ci="7" mb="0" cb="2"/><line nr="85" mi="0" ci="6" mb="0" cb="0"/><line nr="89" mi="0" ci="5" mb="0" cb="0"/><counter type="INSTRUCTION" missed="11" covered="184"/><counter type="BRANCH" missed="0" covered="18"/><counter type="LINE" missed="2" covered="39"/><counter type="COMPLEXITY" missed="2" covered="18"/><counter type="METHOD" missed="2" covered="9"/><counter type="CLASS" missed="0" covered="1"/></sourcefile><counter type="INSTRUCTION" missed="11" covered="184"/><counter type="BRANCH" missed="0" covered="18"/><counter type="LINE" missed="2" covered="39"/><counter type="COMPLEXITY" missed="2" covered="18"/><counter type="METHOD" missed="2" covered="9"/><counter type="CLASS" missed="0" covered="1"/></package><package name="com/iut/account/model"><class name="com/iut/account/model/Account" sourcefilename="Account.java"><method name="&lt;init&gt;" desc="(I)V" line="9"><counter type="INSTRUCTION" missed="6" covered="0"/><counter type="LINE" missed="3" covered="0"/><counter type="COMPLEXITY" missed="1" covered="0"/><counter type="METHOD" missed="1" covered="0"/></method><method name="&lt;init&gt;" desc="(Ljava/lang/String;I)V" line="13"><counter type="INSTRUCTION" missed="0" covered="9"/><counter type="LINE" missed="0" covered="4"/><counter type="COMPLEXITY" missed="0" covered="1"/><counter type="METHOD" missed="0" covered="1"/></method><method name="&lt;init&gt;" desc="(Ljava/lang/String;ILjava/lang/String;)V" line="18"><counter type="INSTRUCTION" missed="0" covered="12"/><counter type="LINE" missed="0" covered="5"/><counter type="COMPLEXITY" missed="0" covered="1"/><counter type="METHOD" missed="0" covered="1"/></method><method name="setId" desc="(Ljava/lang/String;)V" line="25"><counter type="INSTRUCTION" missed="4" covered="0"/><counter type="LINE" missed="2" covered="0"/><counter type="COMPLEXITY" missed="1" covered="0"/><counter type="METHOD" missed="1" covered="0"/></method><method name="getId" desc="()Ljava/lang/String;" line="29"><counter type="INSTRUCTION" missed="0" covered="3"/><counter type="LINE" missed="0" covered="1"/><counter type="COMPLEXITY" missed="0" covered="1"/><counter type="METHOD" missed="0" covered="1"/></method><method name="getBalance" desc="()I" line="33"><counter type="INSTRUCTION" missed="0" covered="3"/><counter type="LINE" missed="0" covered="1"/><counter type="COMPLEXITY" missed="0" covered="1"/><counter type="METHOD" missed="0" covered="1"/></method><method name="getUserId" desc="()Ljava/lang/String;" line="37"><counter type="INSTRUCTION" missed="0" covered="3"/><counter type="LINE" missed="0" covered="1"/><counter type="COMPLEXITY" missed="0" covered="1"/><counter type="METHOD" missed="0" covered="1"/></method><method name="setBalance" desc="(I)V" line="41"><counter type="INSTRUCTION" missed="0" covered="4"/><counter type="LINE" missed="0" covered="2"/><counter type="COMPLEXITY" missed="0" covered="1"/><counter type="METHOD" missed="0" covered="1"/></method><method name="setUserId" desc="(Ljava/lang/String;)V" line="45"><counter type="INSTRUCTION" missed="0" covered="4"/><counter type="LINE" missed="0" covered="2"/><counter type="COMPLEXITY" missed="0" covered="1"/><counter type="METHOD" missed="0" covered="1"/></method><counter type="INSTRUCTION" missed="10" covered="38"/><counter type="LINE" missed="5" covered="16"/><counter type="COMPLEXITY" missed="2" covered="7"/><counter type="METHOD" missed="2" covered="7"/><counter type="CLASS" missed="0" covered="1"/></class><sourcefile name="Account.java"><line nr="9" mi="2" ci="0" mb="0" cb="0"/><line nr="10" mi="3" ci="0" mb="0" cb="0"/><line nr="11" mi="1" ci="0" mb="0" cb="0"/><line nr="13" mi="0" ci="2" mb="0" cb="0"/><line nr="14" mi="0" ci="3" mb="0" cb="0"/><line nr="15" mi="0" ci="3" mb="0" cb="0"/><line nr="16" mi="0" ci="1" mb="0" cb="0"/><line nr="18" mi="0" ci="2" mb="0" cb="0"/><line nr="19" mi="0" ci="3" mb="0" cb="0"/><line nr="20" mi="0" ci="3" mb="0" cb="0"/><line nr="21" mi="0" ci="3" mb="0" cb="0"/><line nr="22" mi="0" ci="1" mb="0" cb="0"/><line nr="25" mi="3" ci="0" mb="0" cb="0"/><line nr="26" mi="1" ci="0" mb="0" cb="0"/><line nr="29" mi="0" ci="3" mb="0" cb="0"/><line nr="33" mi="0" ci="3" mb="0" cb="0"/><line nr="37" mi="0" ci="3" mb="0" cb="0"/><line nr="41" mi="0" ci="3" mb="0" cb="0"/><line nr="42" mi="0" ci="1" mb="0" cb="0"/><line nr="45" mi="0" ci="3" mb="0" cb="0"/><line nr="46" mi="0" ci="1" mb="0" cb="0"/><counter type="INSTRUCTION" missed="10" covered="38"/><counter type="LINE" missed="5" covered="16"/><counter type="COMPLEXITY" missed="2" covered="7"/><counter type="METHOD" missed="2" covered="7"/><counter type="CLASS" missed="0" covered="1"/></sourcefile><counter type="INSTRUCTION" missed="10" covered="38"/><counter type="LINE" missed="5" covered="16"/><counter type="COMPLEXITY" missed="2" covered="7"/><counter type="METHOD" missed="2" covered="7"/><counter type="CLASS" missed="0" covered="1"/></package><package name="com/iut/user/repo"><class name="com/iut/user/repo/UserRepository" sourcefilename="UserRepository.java"><method name="&lt;init&gt;" desc="()V" line="15"><counter type="INSTRUCTION" missed="12" covered="0"/><counter type="LINE" missed="4" covered="0"/><counter type="COMPLEXITY" missed="1" covered="0"/><counter type="METHOD" missed="1" covered="0"/></method><method name="save" desc="(Lcom/iut/user/model/User;)Z" line="22"><counter type="INSTRUCTION" missed="39" covered="0"/><counter type="LINE" missed="11" covered="0"/><counter type="COMPLEXITY" missed="1" covered="0"/><counter type="METHOD" missed="1" covered="0"/></method><method name="update" desc="(Lcom/iut/user/model/User;)Z" line="38"><counter type="INSTRUCTION" missed="39" covered="0"/><counter type="LINE" missed="11" covered="0"/><counter type="COMPLEXITY" missed="1" covered="0"/><counter type="METHOD" missed="1" covered="0"/></method><method name="findAll" desc="()Ljava/util/List;" line="54"><counter type="INSTRUCTION" missed="50" covered="0"/><counter type="BRANCH" missed="2" covered="0"/><counter type="LINE" missed="15" covered="0"/><counter type="COMPLEXITY" missed="2" covered="0"/><counter type="METHOD" missed="1" covered="0"/></method><method name="existsById" desc="(Ljava/lang/String;)Z" line="73"><counter type="INSTRUCTION" missed="32" covered="0"/><counter type="BRANCH" missed="2" covered="0"/><counter type="LINE" missed="9" covered="0"/><counter type="COMPLEXITY" missed="2" covered="0"/><counter type="METHOD" missed="1" covered="0"/></method><method name="findById" desc="(Ljava/lang/String;)Lcom/iut/user/model/User;" line="87"><counter type="INSTRUCTION" missed="53" covered="0"/><counter type="BRANCH" missed="4" covered="0"/><counter type="LINE" missed="14" covered="0"/><counter type="COMPLEXITY" missed="3" covered="0"/><counter type="METHOD" missed="1" covered="0"/></method><method name="delete" desc="(Ljava/lang/String;)Z" line="106"><counter type="INSTRUCTION" missed="23" covered="0"/><counter type="LINE" missed="8" covered="0"/><counter type="COMPLEXITY" missed="1" covered="0"/><counter type="METHOD" missed="1" covered="0"/></method><counter type="INSTRUCTION" missed="248" covered="0"/><counter type="BRANCH" missed="8" covered="0"/><counter type="LINE" missed="72" covered="0"/><counter type="COMPLEXITY" missed="11" covered="0"/><counter type="METHOD" missed="7" covered="0"/><counter type="CLASS" missed="1" covered="0"/></class><sourcefile name="UserRepository.java"><line nr="15" mi="2" ci="0" mb="0" cb="0"/><line nr="16" mi="3" ci="0" mb="0" cb="0"/><line nr="17" mi="6" ci="0" mb="0" cb="0"/><line nr="18" mi="1" ci="0" mb="0" cb="0"/><line nr="22" mi="2" ci="0" mb="0" cb="0"/><line nr="23" mi="5" ci="0" mb="0" cb="0"/><line nr="24" mi="5" ci="0" mb="0" cb="0"/><line nr="25" mi="5" ci="0" mb="0" cb="0"/><line nr="26" mi="5" ci="0" mb="0" cb="0"/><line nr="27" mi="5" ci="0" mb="0" cb="0"/><line nr="28" mi="3" ci="0" mb="0" cb="0"/><line nr="29" mi="4" ci="0" mb="0" cb="0"/><line nr="30" mi="1" ci="0" mb="0" cb="0"/><line nr="31" mi="2" ci="0" mb="0" cb="0"/><line nr="32" mi="2" ci="0" mb="0" cb="0"/><line nr="38" mi="2" ci="0" mb="0" cb="0"/><line nr="39" mi="5" ci="0" mb="0" cb="0"/><line nr="40" mi="5" ci="0" mb="0" cb="0"/><line nr="41" mi="5" ci="0" mb="0" cb="0"/><line nr="42" mi="5" ci="0" mb="0" cb="0"/><line nr="43" mi="5" ci="0" mb="0" cb="0"/><line nr="44" mi="3" ci="0" mb="0" cb="0"/><line nr="45" mi="4" ci="0" mb="0" cb="0"/><line nr="46" mi="1" ci="0" mb="0" cb="0"/><line nr="47" mi="2" ci="0" mb="0" cb="0"/><line nr="48" mi="2" ci="0" mb="0" cb="0"/><line nr="54" mi="2" ci="0" mb="0" cb="0"/><line nr="55" mi="4" ci="0" mb="0" cb="0"/><line nr="56" mi="5" ci="0" mb="0" cb="0"/><line nr="57" mi="3" ci="0" mb="0" cb="0"/><line nr="58" mi="3" ci="0" mb="2" cb="0"/><line nr="59" mi="4" ci="0" mb="0" cb="0"/><line nr="60" mi="4" ci="0" mb="0" cb="0"/><line nr="61" mi="4" ci="0" mb="0" cb="0"/><line nr="62" mi="4" ci="0" mb="0" cb="0"/><line nr="63" mi="10" ci="0" mb="0" cb="0"/><line nr="64" mi="1" ci="0" mb="0" cb="0"/><line nr="65" mi="1" ci="0" mb="0" cb="0"/><line nr="66" mi="2" ci="0" mb="0" cb="0"/><line nr="67" mi="1" ci="0" mb="0" cb="0"/><line nr="68" mi="2" ci="0" mb="0" cb="0"/><line nr="73" mi="2" ci="0" mb="0" cb="0"/><line nr="74" mi="5" ci="0" mb="0" cb="0"/><line nr="75" mi="4" ci="0" mb="0" cb="0"/><line nr="76" mi="3" ci="0" mb="0" cb="0"/><line nr="77" mi="3" ci="0" mb="0" cb="0"/><line nr="78" mi="10" ci="0" mb="2" cb="0"/><line nr="79" mi="1" ci="0" mb="0" cb="0"/><line nr="80" mi="2" ci="0" mb="0" cb="0"/><line nr="81" mi="2" ci="0" mb="0" cb="0"/><line nr="87" mi="2" ci="0" mb="0" cb="0"/><line nr="88" mi="5" ci="0" mb="0" cb="0"/><line nr="89" mi="4" ci="0" mb="0" cb="0"/><line nr="90" mi="3" ci="0" mb="0" cb="0"/><line nr="91" mi="3" ci="0" mb="2" cb="0"/><line nr="92" mi="7" ci="0" mb="0" cb="0"/><line nr="93" mi="5" ci="0" mb="0" cb="0"/><line nr="94" mi="5" ci="0" mb="0" cb="0"/><line nr="95" mi="5" ci="0" mb="0" cb="0"/><line nr="96" mi="4" ci="0" mb="0" cb="0"/><line nr="98" mi="5" ci="0" mb="2" cb="0"/><line nr="99" mi="2" ci="0" mb="0" cb="0"/><line nr="100" mi="1" ci="0" mb="0" cb="0"/><line nr="101" mi="2" ci="0" mb="0" cb="0"/><line nr="106" mi="2" ci="0" mb="0" cb="0"/><line nr="107" mi="5" ci="0" mb="0" cb="0"/><line nr="108" mi="4" ci="0" mb="0" cb="0"/><line nr="109" mi="3" ci="0" mb="0" cb="0"/><line nr="110" mi="4" ci="0" mb="0" cb="0"/><line nr="111" mi="1" ci="0" mb="0" cb="0"/><line nr="112" mi="2" ci="0" mb="0" cb="0"/><line nr="113" mi="2" ci="0" mb="0" cb="0"/><counter type="INSTRUCTION" missed="248" covered="0"/><counter type="BRANCH" missed="8" covered="0"/><counter type="LINE" missed="72" covered="0"/><counter type="COMPLEXITY" missed="11" covered="0"/><counter type="METHOD" missed="7" covered="0"/><counter type="CLASS" missed="1" covered="0"/></sourcefile><counter type="INSTRUCTION" missed="248" covered="0"/><counter type="BRANCH" missed="8" covered="0"/><counter type="LINE" missed="72" covered="0"/><counter type="COMPLEXITY" missed="11" covered="0"/><counter type="METHOD" missed="7" covered="0"/><counter type="CLASS" missed="1" covered="0"/></package><package name="com/iut/account/repo"><class name="com/iut/account/repo/AccountRepository" sourcefilename="AccountRepository.java"><method name="&lt;init&gt;" desc="()V" line="18"><counter type="INSTRUCTION" missed="12" covered="0"/><counter type="LINE" missed="4" covered="0"/><counter type="COMPLEXITY" missed="1" covered="0"/><counter type="METHOD" missed="1" covered="0"/></method><method name="save" desc="(Lcom/iut/account/model/Account;)Z" line="30"><counter type="INSTRUCTION" missed="34" covered="0"/><counter type="LINE" missed="10" covered="0"/><counter type="COMPLEXITY" missed="1" covered="0"/><counter type="METHOD" missed="1" covered="0"/></method><method name="update" desc="(Lcom/iut/account/model/Account;)Z" line="45"><counter type="INSTRUCTION" missed="34" covered="0"/><counter type="LINE" missed="10" covered="0"/><counter type="COMPLEXITY" missed="1" covered="0"/><counter type="METHOD" missed="1" covered="0"/></method><method name="existsById" desc="(Ljava/lang/String;)Z" line="60"><counter type="INSTRUCTION" missed="32" covered="0"/><counter type="BRANCH" missed="2" covered="0"/><counter type="LINE" missed="9" covered="0"/><counter type="COMPLEXITY" missed="2" covered="0"/><counter type="METHOD" missed="1" covered="0"/></method><method name="findById" desc="(Ljava/lang/String;)Lcom/iut/account/model/Account;" line="74"><counter type="INSTRUCTION" missed="42" covered="0"/><counter type="BRANCH" missed="4" covered="0"/><counter type="LINE" missed="13" covered="0"/><counter type="COMPLEXITY" missed="3" covered="0"/><counter type="METHOD" missed="1" covered="0"/></method><method name="findAll" desc="()Ljava/util/List;" line="93"><counter type="INSTRUCTION" missed="39" covered="0"/><counter type="BRANCH" missed="2" covered="0"/><counter type="LINE" missed="13" covered="0"/><counter type="COMPLEXITY" missed="2" covered="0"/><counter type="METHOD" missed="1" covered="0"/></method><method name="delete" desc="(Ljava/lang/String;)Z" line="112"><counter type="INSTRUCTION" missed="23" covered="0"/><counter type="LINE" missed="8" covered="0"/><counter type="COMPLEXITY" missed="1" covered="0"/><counter type="METHOD" missed="1" covered="0"/></method><method name="findByUserId" desc="(Ljava/lang/String;)Ljava/util/List;" line="124"><counter type="INSTRUCTION" missed="45" covered="0"/><counter type="BRANCH" missed="2" covered="0"/><counter type="LINE" missed="14" covered="0"/><counter type="COMPLEXITY" missed="2" covered="0"/><counter type="METHOD" missed="1" covered="0"/></method><counter type="INSTRUCTION" missed="261" covered="0"/><counter type="BRANCH" missed="10" covered="0"/><counter type="LINE" missed="81" covered="0"/><counter type="COMPLEXITY" missed="13" covered="0"/><counter type="METHOD" missed="8" covered="0"/><counter type="CLASS" missed="1" covered="0"/></class><sourcefile name="AccountRepository.java"><line nr="18" mi="2" ci="0" mb="0" cb="0"/><line nr="19" mi="3" ci="0" mb="0" cb="0"/><line nr="20" mi="6" ci="0" mb="0" cb="0"/><line nr="26" mi="1" ci="0" mb="0" cb="0"/><line nr="30" mi="2" ci="0" mb="0" cb="0"/><line nr="31" mi="5" ci="0" mb="0" cb="0"/><line nr="32" mi="5" ci="0" mb="0" cb="0"/><line nr="33" mi="5" ci="0" mb="0" cb="0"/><line nr="34" mi="5" ci="0" mb="0" cb="0"/><line nr="35" mi="3" ci="0" mb="0" cb="0"/><line nr="36" mi="4" ci="0" mb="0" cb="0"/><line nr="37" mi="1" ci="0" mb="0" cb="0"/><line nr="38" mi="2" ci="0" mb="0" cb="0"/><line nr="39" mi="2" ci="0" mb="0" cb="0"/><line nr="45" mi="2" ci="0" mb="0" cb="0"/><line nr="46" mi="5" ci="0" mb="0" cb="0"/><line nr="47" mi="5" ci="0" mb="0" cb="0"/><line nr="48" mi="5" ci="0" mb="0" cb="0"/><line nr="49" mi="5" ci="0" mb="0" cb="0"/><line nr="50" mi="3" ci="0" mb="0" cb="0"/><line nr="51" mi="4" ci="0" mb="0" cb="0"/><line nr="52" mi="1" ci="0" mb="0" cb="0"/><line nr="53" mi="2" ci="0" mb="0" cb="0"/><line nr="54" mi="2" ci="0" mb="0" cb="0"/><line nr="60" mi="2" ci="0" mb="0" cb="0"/><line nr="61" mi="5" ci="0" mb="0" cb="0"/><line nr="62" mi="4" ci="0" mb="0" cb="0"/><line nr="63" mi="3" ci="0" mb="0" cb="0"/><line nr="64" mi="3" ci="0" mb="0" cb="0"/><line nr="65" mi="10" ci="0" mb="2" cb="0"/><line nr="66" mi="1" ci="0" mb="0" cb="0"/><line nr="67" mi="2" ci="0" mb="0" cb="0"/><line nr="68" mi="2" ci="0" mb="0" cb="0"/><line nr="74" mi="2" ci="0" mb="0" cb="0"/><line nr="75" mi="5" ci="0" mb="0" cb="0"/><line nr="76" mi="4" ci="0" mb="0" cb="0"/><line nr="77" mi="3" ci="0" mb="0" cb="0"/><line nr="78" mi="3" ci="0" mb="2" cb="0"/><line nr="79" mi="6" ci="0" mb="0" cb="0"/><line nr="80" mi="3" ci="0" mb="0" cb="0"/><line nr="81" mi="3" ci="0" mb="0" cb="0"/><line nr="82" mi="3" ci="0" mb="0" cb="0"/><line nr="85" mi="5" ci="0" mb="2" cb="0"/><line nr="86" mi="2" ci="0" mb="0" cb="0"/><line nr="87" mi="1" ci="0" mb="0" cb="0"/><line nr="88" mi="2" ci="0" mb="0" cb="0"/><line nr="93" mi="2" ci="0" mb="0" cb="0"/><line nr="94" mi="4" ci="0" mb="0" cb="0"/><line nr="95" mi="5" ci="0" mb="0" cb="0"/><line nr="96" mi="3" ci="0" mb="0" cb="0"/><line nr="97" mi="3" ci="0" mb="2" cb="0"/><line nr="98" mi="8" ci="0" mb="0" cb="0"/><line nr="99" mi="3" ci="0" mb="0" cb="0"/><line nr="100" mi="3" ci="0" mb="0" cb="0"/><line nr="101" mi="2" ci="0" mb="0" cb="0"/><line nr="104" mi="1" ci="0" mb="0" cb="0"/><line nr="105" mi="2" ci="0" mb="0" cb="0"/><line nr="106" mi="1" ci="0" mb="0" cb="0"/><line nr="107" mi="2" ci="0" mb="0" cb="0"/><line nr="112" mi="2" ci="0" mb="0" cb="0"/><line nr="113" mi="5" ci="0" mb="0" cb="0"/><line nr="114" mi="4" ci="0" mb="0" cb="0"/><line nr="115" mi="3" ci="0" mb="0" cb="0"/><line nr="116" mi="4" ci="0" mb="0" cb="0"/><line nr="117" mi="1" ci="0" mb="0" cb="0"/><line nr="118" mi="2" ci="0" mb="0" cb="0"/><line nr="119" mi="2" ci="0" mb="0" cb="0"/><line nr="124" mi="2" ci="0" mb="0" cb="0"/><line nr="125" mi="4" ci="0" mb="0" cb="0"/><line nr="126" mi="5" ci="0" mb="0" cb="0"/><line nr="127" mi="4" ci="0" mb="0" cb="0"/><line nr="128" mi="3" ci="0" mb="0" cb="0"/><line nr="129" mi="3" ci="0" mb="2" cb="0"/><line nr="130" mi="11" ci="0" mb="0" cb="0"/><line nr="131" mi="3" ci="0" mb="0" cb="0"/><line nr="132" mi="2" ci="0" mb="0" cb="0"/><line nr="134" mi="1" ci="0" mb="0" cb="0"/><line nr="135" mi="2" ci="0" mb="0" cb="0"/><line nr="136" mi="2" ci="0" mb="0" cb="0"/><line nr="137" mi="1" ci="0" mb="0" cb="0"/><line nr="138" mi="2" ci="0" mb="0" cb="0"/><counter type="INSTRUCTION" missed="261" covered="0"/><counter type="BRANCH" missed="10" covered="0"/><counter type="LINE" missed="81" covered="0"/><counter type="COMPLEXITY" missed="13" covered="0"/><counter type="METHOD" missed="8" covered="0"/><counter type="CLASS" missed="1" covered="0"/></sourcefile><counter type="INSTRUCTION" missed="261" covered="0"/><counter type="BRANCH" missed="10" covered="0"/><counter type="LINE" missed="81" covered="0"/><counter type="COMPLEXITY" missed="13" covered="0"/><counter type="METHOD" missed="8" covered="0"/><counter type="CLASS" missed="1" covered="0"/></package><counter type="INSTRUCTION" missed="661" covered="222"/><counter type="BRANCH" missed="26" covered="18"/><counter type="LINE" missed="202" covered="55"/><counter type="COMPLEXITY" missed="51" covered="25"/><counter type="METHOD" missed="38" covered="16"/><counter type="CLASS" missed="6" covered="2"/></report>